#
# A fatal error has been detected by the Java Runtime Environment:
#
#  EXCEPTION_ACCESS_VIOLATION (0xc0000005) at pc=0x000001e9166d0966, pid=181828, tid=181056
#
# JRE version: OpenJDK Runtime Environment Zulu21.34+19-CA (21.0.3+9) (build 21.0.3+9-LTS)
# Java VM: OpenJDK 64-Bit Server VM Zulu21.34+19-CA (21.0.3+9-LTS, mixed mode, emulated-client, sharing, tiered, compressed oops, compressed class ptrs, g1 gc, windows-amd64)
# Problematic frame:
# J 2990 c1 org.agrona.concurrent.status.AtomicCounter.get()J (15 bytes) @ 0x000001e9166d0966 [0x000001e9166d0920+0x0000000000000046]
#
# No core dump will be written. Minidumps are not enabled by default on client versions of Windows
#
# If you would like to submit a bug report, please visit:
#   http://www.azul.com/support/
#

---------------  S U M M A R Y ------------

Command Line: -agentlib:jdwp=transport=dt_socket,address=127.0.0.1:51364,suspend=y,server=n --add-opens=java.base/sun.nio.ch=ALL-UNNAMED -XX:TieredStopAtLevel=1 -Dspring.output.ansi.enabled=always -Dcom.sun.management.jmxremote -Dspring.jmx.enabled=true -Dspring.liveBeansView.mbeanDomain -Dspring.application.admin.enabled=true -Dmanagement.endpoints.jmx.exposure.include=* -javaagent:C:\Users\tiep\AppData\Local\JetBrains\IntelliJIdea2024.1\captureAgent\debugger-agent.jar -Dfile.encoding=UTF-8 -Dsun.stdout.encoding=UTF-8 -Dsun.stderr.encoding=UTF-8 org.example.artioclient.ArtioClientApplication

Host: AMD Ryzen 7 7800X3D 8-Core Processor           , 16 cores, 31G,  Windows 11 , 64 bit Build 22621 (10.0.22621.4391)
Time: Fri Dec 20 23:20:07 2024 Malay Peninsula Standard Time elapsed time: 11.862712 seconds (0d 0h 0m 11s)

---------------  T H R E A D  ---------------

Current thread (0x000001e90bf8e270):  JavaThread "main"             [_thread_in_Java, id=181056, stack(0x00000046ca500000,0x00000046ca600000) (1024K)]

Stack: [0x00000046ca500000,0x00000046ca600000],  sp=0x00000046ca5fc2c0,  free space=1008k
Native frames: (J=compiled Java code, j=interpreted, Vv=VM code, C=native code)
C  0x000001e9166d0966

The last pc belongs to nmethod (printed below).

siginfo: EXCEPTION_ACCESS_VIOLATION (0xc0000005), reading address 0x000001e96e260400


Registers:
RAX=0x0000000000000000, RBX=0x000001e968ef2fd8, RCX=0x000000062b2b4068, RDX=0x000000062b2b4068
RSP=0x00000046ca5fc2c0, RBP=0x00000046ca5fc390, RSI=0x000001e96e260400, RDI=0x000000000000003d
R8 =0x000000062b2b4068, R9 =0x0000000000000001, R10=0x000001e927000000, R11=0x000001e9166d0940
R12=0x0000000000000000, R13=0x00000046ca5fc330, R14=0x00000046ca5fc3a0, R15=0x000001e90bf8e270
RIP=0x000001e9166d0966, EFLAGS=0x0000000000010256


Register to memory mapping:

RAX=0x0 is null
RBX={method} {0x000001e968ef2fe0} 'get' '()J' in 'org/agrona/concurrent/status/AtomicCounter'
RCX=0x000000062b2b4068 is an oop: org.agrona.concurrent.status.AtomicCounter 
{0x000000062b2b4068} - klass: 'org/agrona/concurrent/status/AtomicCounter'
 - ---- fields (total size 5 words):
 - private final 'id' 'I' @12  0 (0x00000000)
 - private final 'addressOffset' 'J' @16  2102086992896 (0x000001e96e260400)
 - private 'isClosed' 'Z' @24  false (0x00)
 - private final 'byteArray' '[B' @28  null (0x00000000)
 - private 'countersManager' 'Lorg/agrona/concurrent/status/CountersManager;' @32  a 'org/agrona/concurrent/status/CountersManager'{0x000000062b1dca98} (0xc563b953)
 - private final 'byteBuffer' 'Ljava/nio/ByteBuffer;' @36  a 'java/nio/DirectByteBuffer'{0x000000062b1bf120} (0xc5637e24)
RDX=0x000000062b2b4068 is an oop: org.agrona.concurrent.status.AtomicCounter 
{0x000000062b2b4068} - klass: 'org/agrona/concurrent/status/AtomicCounter'
 - ---- fields (total size 5 words):
 - private final 'id' 'I' @12  0 (0x00000000)
 - private final 'addressOffset' 'J' @16  2102086992896 (0x000001e96e260400)
 - private 'isClosed' 'Z' @24  false (0x00)
 - private final 'byteArray' '[B' @28  null (0x00000000)
 - private 'countersManager' 'Lorg/agrona/concurrent/status/CountersManager;' @32  a 'org/agrona/concurrent/status/CountersManager'{0x000000062b1dca98} (0xc563b953)
 - private final 'byteBuffer' 'Ljava/nio/ByteBuffer;' @36  a 'java/nio/DirectByteBuffer'{0x000000062b1bf120} (0xc5637e24)
RSP=0x00000046ca5fc2c0 is pointing into the stack for thread: 0x000001e90bf8e270
RBP=0x00000046ca5fc390 is pointing into the stack for thread: 0x000001e90bf8e270
RSI=0x000001e96e260400 is an unknown value
RDI=0x000000000000003d is an unknown value
R8 =0x000000062b2b4068 is an oop: org.agrona.concurrent.status.AtomicCounter 
{0x000000062b2b4068} - klass: 'org/agrona/concurrent/status/AtomicCounter'
 - ---- fields (total size 5 words):
 - private final 'id' 'I' @12  0 (0x00000000)
 - private final 'addressOffset' 'J' @16  2102086992896 (0x000001e96e260400)
 - private 'isClosed' 'Z' @24  false (0x00)
 - private final 'byteArray' '[B' @28  null (0x00000000)
 - private 'countersManager' 'Lorg/agrona/concurrent/status/CountersManager;' @32  a 'org/agrona/concurrent/status/CountersManager'{0x000000062b1dca98} (0xc563b953)
 - private final 'byteBuffer' 'Ljava/nio/ByteBuffer;' @36  a 'java/nio/DirectByteBuffer'{0x000000062b1bf120} (0xc5637e24)
R9 =0x0000000000000001 is an unknown value
R10=0x000001e927000000 is pointing into metadata
R11=0x000001e9166d0940 is at entry_point+32 in (nmethod*)0x000001e9166d0790
Compiled method (c1)   11873 2990       1       org.agrona.concurrent.status.AtomicCounter::get (15 bytes)
 total in heap  [0x000001e9166d0790,0x000001e9166d0a48] = 696
 relocation     [0x000001e9166d08f0,0x000001e9166d0918] = 40
 main code      [0x000001e9166d0920,0x000001e9166d09c0] = 160
 stub code      [0x000001e9166d09c0,0x000001e9166d09f8] = 56
 oops           [0x000001e9166d09f8,0x000001e9166d0a00] = 8
 metadata       [0x000001e9166d0a00,0x000001e9166d0a18] = 24
 scopes data    [0x000001e9166d0a18,0x000001e9166d0a20] = 8
 scopes pcs     [0x000001e9166d0a20,0x000001e9166d0a40] = 32
 dependencies   [0x000001e9166d0a40,0x000001e9166d0a48] = 8
R12=0x0 is null
R13=0x00000046ca5fc330 is pointing into the stack for thread: 0x000001e90bf8e270
R14=0x00000046ca5fc3a0 is pointing into the stack for thread: 0x000001e90bf8e270
R15=0x000001e90bf8e270 is a thread

Top of Stack: (sp=0x00000046ca5fc2c0)
0x00000046ca5fc2c0:   00000046ca5fc328 000000060f8bf830
0x00000046ca5fc2d0:   000000062b2b3490 000000060f8bf830
0x00000046ca5fc2e0:   0000000c00000001 000000060f8bf848
0x00000046ca5fc2f0:   0000000000000010 000001e96942b918
0x00000046ca5fc300:   00000046ca5fc468 000001e916183454
0x00000046ca5fc310:   00000046ca5fc468 000001e9161a3724
0x00000046ca5fc320:   00000046ca5fc390 000001e915ef9389
0x00000046ca5fc330:   000000062b2b4068 0000000000000000
0x00000046ca5fc340:   0000000000000000 00000046ca5fc348
0x00000046ca5fc350:   000001e968ef33b6 0000000000000002
0x00000046ca5fc360:   000001e9690553e8 0000000000000000
0x00000046ca5fc370:   000000062b07adc0 000001e968ef33e0
0x00000046ca5fc380:   00000046ca5fc330 00000046ca5fc3b0
0x00000046ca5fc390:   00000046ca5fc468 000001e9164db0b4
0x00000046ca5fc3a0:   000000062b2b4068 000001e9164db0b4
0x00000046ca5fc3b0:   000000060000003d 000000062b2b4068
0x00000046ca5fc3c0:   00000046ca5fc468 000001e9161a339c
0x00000046ca5fc3d0:   0000000000000002 000001e96942b918
0x00000046ca5fc3e0:   000000060f8bf830 000000062b2b4068
0x00000046ca5fc3f0:   000000060000003d 0000000000000000
0x00000046ca5fc400:   00000046ca5fc468 000001e915ef958b
0x00000046ca5fc410:   000000062b2b4068 000000060f8bf830
0x00000046ca5fc420:   00000046ca5fc420 000001e927be754e
0x00000046ca5fc430:   0000000000000007 000001e9274152e0
0x00000046ca5fc440:   0000000000000000 000000060e4af208
0x00000046ca5fc450:   000001e927099890 00000046ca5fc410
0x00000046ca5fc460:   00000046ca5fc4b0 00000046ca5fc690
0x00000046ca5fc470:   000001e916200a84 000000062b2b4068
0x00000046ca5fc480:   000000062b2b3470 000000060f8bf868
0x00000046ca5fc490:   000000060f8bf830 000000060f8bf810
0x00000046ca5fc4a0:   000000062b1c0e00 000001e916200a84
0x00000046ca5fc4b0:   0000000000000000 0000000610fbb910 

Instructions: (pc=0x000001e9166d0966)
0x000001e9166d0866:   00 00 00 00 00 00 00 00 00 00 20 09 6d 16 e9 01
0x000001e9166d0876:   00 00 40 09 6d 16 e9 01 00 00 20 09 6d 16 e9 01
0x000001e9166d0886:   00 00 00 00 00 00 00 00 00 00 ff ff ff ff 30 02
0x000001e9166d0896:   00 00 09 02 00 00 90 01 00 00 30 02 00 00 68 02
0x000001e9166d08a6:   00 00 70 02 00 00 00 00 00 00 90 02 00 00 b0 02
0x000001e9166d08b6:   00 00 b8 02 00 00 b8 02 00 00 b8 02 00 00 b8 02
0x000001e9166d08c6:   00 00 b8 02 00 00 50 00 00 00 ae 0b 00 00 02 00
0x000001e9166d08d6:   00 00 ff ff ff ff ff ff ff ff 01 06 00 00 00 00
0x000001e9166d08e6:   00 00 00 00 00 00 00 00 00 00 14 30 22 31 1f 58
0x000001e9166d08f6:   0e 78 0e 40 11 31 27 31 05 00 00 31 03 7c 57 a9
0x000001e9166d0906:   c0 d0 ff 7f 05 38 0e 30 01 7c 82 ff 0d 48 0c 31
0x000001e9166d0916:   00 00 00 00 00 00 00 00 00 00 44 8b 52 08 49 bb
0x000001e9166d0926:   00 00 00 27 e9 01 00 00 4d 03 d3 4c 3b d0 0f 85
0x000001e9166d0936:   46 e0 86 ff 66 0f 1f 44 00 00 89 84 24 00 80 ff
0x000001e9166d0946:   ff 55 48 83 ec 60 41 81 7f 20 05 00 00 00 74 05
0x000001e9166d0956:   e8 25 e4 87 ff 8b 42 1c 48 c1 e0 03 48 8b 72 10
0x000001e9166d0966:   c5 fb 10 04 30 c4 e1 f9 7e c0 48 83 c4 60 5d 49
0x000001e9166d0976:   3b a7 58 04 00 00 0f 87 01 00 00 00 c3 49 ba 75
0x000001e9166d0986:   09 6d 16 e9 01 00 00 4d 89 97 70 04 00 00 e9 e7
0x000001e9166d0996:   61 87 ff 49 8b 87 08 05 00 00 49 c7 87 08 05 00
0x000001e9166d09a6:   00 00 00 00 00 49 c7 87 10 05 00 00 00 00 00 00
0x000001e9166d09b6:   48 83 c4 60 5d e9 c0 f6 93 ff e8 3b 5b 94 ff 48
0x000001e9166d09c6:   b9 c0 d0 57 a9 ff 7f 00 00 48 83 e4 f0 48 b8 60
0x000001e9166d09d6:   98 1a a9 ff 7f 00 00 ff d0 f4 49 ba e0 09 6d 16
0x000001e9166d09e6:   e9 01 00 00 41 52 e9 2f 76 87 ff f4 f4 f4 f4 f4
0x000001e9166d09f6:   f4 f4 00 00 00 0e 06 00 00 00 d8 2f ef 68 e9 01
0x000001e9166d0a06:   00 00 f8 e5 f0 68 e9 01 00 00 c0 af 49 27 e9 01
0x000001e9166d0a16:   00 00 ff 00 00 00 00 00 00 00 ff ff ff ff 00 00
0x000001e9166d0a26:   00 00 00 00 00 00 00 00 00 00 d9 00 00 00 00 00
0x000001e9166d0a36:   00 00 00 00 00 00 00 00 00 00 01 02 01 03 01 04
0x000001e9166d0a46:   00 00 00 00 00 00 00 00 00 00 00 00 00 00 00 00
0x000001e9166d0a56:   00 00 00 00 00 00 00 00 00 00 00 00 00 00 00 00 


Stack slot to memory mapping:

stack at sp + 0 slots: 0x00000046ca5fc328 is pointing into the stack for thread: 0x000001e90bf8e270
stack at sp + 1 slots: 0x000000060f8bf830 is an oop: java.lang.StringBuilder 
{0x000000060f8bf830} - klass: 'java/lang/StringBuilder'
 - ---- fields (total size 3 words):
 - 'count' 'I' @12  12 (0x0000000c)
 - 'coder' 'B' @16  0 (0x00)
 - 'maybeLatin1' 'Z' @17  false (0x00)
 - 'value' '[B' @20  [B{0x000000060f8bf848} (0xc1f17f09)
stack at sp + 2 slots: 0x000000062b2b3490 is an oop: java.lang.String 
{0x000000062b2b3490} - klass: 'java/lang/String'
 - string: "BYTES_SENT"
 - ---- fields (total size 3 words):
 - private 'hash' 'I' @12  0 (0x00000000)
 - private final 'coder' 'B' @16  0 (0x00)
 - private 'hashIsZero' 'Z' @17  false (0x00)
 - injected 'flags' 'B' @18  0 (0x00)
 - private final 'value' '[B' @20  [B{0x000000062b2b34a8} (0xc5656695)
stack at sp + 3 slots: 0x000000060f8bf830 is an oop: java.lang.StringBuilder 
{0x000000060f8bf830} - klass: 'java/lang/StringBuilder'
 - ---- fields (total size 3 words):
 - 'count' 'I' @12  12 (0x0000000c)
 - 'coder' 'B' @16  0 (0x00)
 - 'maybeLatin1' 'Z' @17  false (0x00)
 - 'value' '[B' @20  [B{0x000000060f8bf848} (0xc1f17f09)
stack at sp + 4 slots: 0x0000000c00000001 is an unknown value
stack at sp + 5 slots: 0x000000060f8bf848 is an oop: [B 
{0x000000060f8bf848} - klass: {type array byte}
 - length: 16
stack at sp + 6 slots: 0x0000000000000010 is an unknown value
stack at sp + 7 slots: 0x000001e96942b918 is pointing into metadata


Compiled method (c1)   11878 2990       1       org.agrona.concurrent.status.AtomicCounter::get (15 bytes)
 total in heap  [0x000001e9166d0790,0x000001e9166d0a48] = 696
 relocation     [0x000001e9166d08f0,0x000001e9166d0918] = 40
 main code      [0x000001e9166d0920,0x000001e9166d09c0] = 160
 stub code      [0x000001e9166d09c0,0x000001e9166d09f8] = 56
 oops           [0x000001e9166d09f8,0x000001e9166d0a00] = 8
 metadata       [0x000001e9166d0a00,0x000001e9166d0a18] = 24
 scopes data    [0x000001e9166d0a18,0x000001e9166d0a20] = 8
 scopes pcs     [0x000001e9166d0a20,0x000001e9166d0a40] = 32
 dependencies   [0x000001e9166d0a40,0x000001e9166d0a48] = 8

[Constant Pool (empty)]

[MachCode]
[Entry Point]
  # {method} {0x000001e968ef2fe0} 'get' '()J' in 'org/agrona/concurrent/status/AtomicCounter'
  #           [sp+0x70]  (sp of caller)
  0x000001e9166d0920: 448b 5208 | 49bb 0000 | 0027 e901 | 0000 4d03 | d34c 3bd0 

  0x000001e9166d0934: ;   {runtime_call ic_miss_stub}
  0x000001e9166d0934: 0f85 46e0 | 86ff 660f | 1f44 0000 
[Verified Entry Point]
  0x000001e9166d0940: 8984 2400 | 80ff ff55 | 4883 ec60 | 4181 7f20 | 0500 0000 

  0x000001e9166d0954: ;   {runtime_call StubRoutines (final stubs)}
  0x000001e9166d0954: 7405 e825 | e487 ff8b | 421c 48c1 | e003 488b | 7210 c5fb | 1004 30c4 | e1f9 7ec0 | 4883 c460 
  0x000001e9166d0974: ;   {poll_return}
  0x000001e9166d0974: 5d49 3ba7 | 5804 0000 | 0f87 0100 

  0x000001e9166d0980: ;   {internal_word}
  0x000001e9166d0980: 0000 c349 | ba75 096d | 16e9 0100 | 004d 8997 | 7004 0000 

  0x000001e9166d0994: ;   {runtime_call SafepointBlob}
  0x000001e9166d0994: e9e7 6187 | ff49 8b87 | 0805 0000 | 49c7 8708 | 0500 0000 | 0000 0049 | c787 1005 | 0000 0000 
  0x000001e9166d09b4: 0000 4883 

  0x000001e9166d09b8: ;   {runtime_call unwind_exception Runtime1 stub}
  0x000001e9166d09b8: c460 5de9 | c0f6 93ff 
[Exception Handler]
  0x000001e9166d09c0: ;   {no_reloc}
  0x000001e9166d09c0: e83b 5b94 

  0x000001e9166d09c4: ;   {external_word}
  0x000001e9166d09c4: ff48 b9c0 | d057 a9ff | 7f00 0048 

  0x000001e9166d09d0: ;   {runtime_call}
  0x000001e9166d09d0: 83e4 f048 | b860 981a | a9ff 7f00 | 00ff d0f4 
[Deopt Handler Code]
  0x000001e9166d09e0: ;   {section_word}
  0x000001e9166d09e0: 49ba e009 | 6d16 e901 | 0000 4152 

  0x000001e9166d09ec: ;   {runtime_call DeoptimizationBlob}
  0x000001e9166d09ec: e92f 7687 | fff4 f4f4 | f4f4 f4f4 
[/MachCode]


---------------  P R O C E S S  ---------------

Threads class SMR info:
_java_thread_list=0x000001e96d42fae0, length=18, elements={
0x000001e90bf8e270, 0x000001e926ac86e0, 0x000001e926ac9600, 0x000001e926acaad0,
0x000001e926acec40, 0x000001e926acdad0, 0x000001e926ad2b30, 0x000001e926ae6080,
0x000001e926b79590, 0x000001e926c6c260, 0x000001e926c8fdc0, 0x000001e926c923d0,
0x000001e926cce3d0, 0x000001e96c5863e0, 0x000001e96d295070, 0x000001e96d076c10,
0x000001e96d2253d0, 0x000001e926b65c80
}

Java Threads: ( => current thread )
=>0x000001e90bf8e270 JavaThread "main"                              [_thread_in_Java, id=181056, stack(0x00000046ca500000,0x00000046ca600000) (1024K)]
  0x000001e926ac86e0 JavaThread "Reference Handler"          daemon [_thread_blocked, id=189696, stack(0x00000046cad00000,0x00000046cae00000) (1024K)]
  0x000001e926ac9600 JavaThread "Finalizer"                  daemon [_thread_blocked, id=193040, stack(0x00000046cae00000,0x00000046caf00000) (1024K)]
  0x000001e926acaad0 JavaThread "Signal Dispatcher"          daemon [_thread_blocked, id=195100, stack(0x00000046caf00000,0x00000046cb000000) (1024K)]
  0x000001e926acec40 JavaThread "Attach Listener"            daemon [_thread_blocked, id=169660, stack(0x00000046cb000000,0x00000046cb100000) (1024K)]
  0x000001e926acdad0 JavaThread "Service Thread"             daemon [_thread_blocked, id=197096, stack(0x00000046cb100000,0x00000046cb200000) (1024K)]
  0x000001e926ad2b30 JavaThread "Monitor Deflation Thread"   daemon [_thread_blocked, id=190604, stack(0x00000046cb200000,0x00000046cb300000) (1024K)]
  0x000001e926ae6080 JavaThread "C1 CompilerThread0"         daemon [_thread_blocked, id=192936, stack(0x00000046cb300000,0x00000046cb400000) (1024K)]
  0x000001e926b79590 JavaThread "Common-Cleaner"             daemon [_thread_blocked, id=196352, stack(0x00000046cb500000,0x00000046cb600000) (1024K)]
  0x000001e926c6c260 JavaThread "JDWP Transport Listener: dt_socket" daemon [_thread_blocked, id=189052, stack(0x00000046cb700000,0x00000046cb800000) (1024K)]
  0x000001e926c8fdc0 JavaThread "JDWP Event Helper Thread"   daemon [_thread_blocked, id=189228, stack(0x00000046cb800000,0x00000046cb900000) (1024K)]
  0x000001e926c923d0 JavaThread "JDWP Command Reader"        daemon [_thread_in_native, id=195848, stack(0x00000046cb900000,0x00000046cba00000) (1024K)]
  0x000001e926cce3d0 JavaThread "Notification Thread"        daemon [_thread_blocked, id=191848, stack(0x00000046cba00000,0x00000046cbb00000) (1024K)]
  0x000001e96c5863e0 JavaThread "RMI TCP Accept-0"           daemon [_thread_in_native, id=191972, stack(0x00000046cbc00000,0x00000046cbd00000) (1024K)]
  0x000001e96d295070 JavaThread "Cleaner-0"                  daemon [_thread_blocked, id=196132, stack(0x00000046ccd00000,0x00000046cce00000) (1024K)]
  0x000001e96d076c10 JavaThread "RMI TCP Connection(1)-172.19.112.1" daemon [_thread_blocked, id=194128, stack(0x00000046cd000000,0x00000046cd100000) (1024K)]
  0x000001e96d2253d0 JavaThread "RMI Scheduler(0)"           daemon [_thread_blocked, id=196224, stack(0x00000046cd100000,0x00000046cd200000) (1024K)]
  0x000001e926b65c80 JavaThread "C1 CompilerThread1"         daemon [_thread_blocked, id=195276, stack(0x00000046cb400000,0x00000046cb500000) (1024K)]
Total: 18

Other Threads:
  0x000001e923bd4360 VMThread "VM Thread"                           [id=189940, stack(0x00000046cac00000,0x00000046cad00000) (1024K)]
  0x000001e923bc0db0 WatcherThread "VM Periodic Task Thread"        [id=191164, stack(0x00000046cab00000,0x00000046cac00000) (1024K)]
  0x000001e923a1f6b0 WorkerThread "GC Thread#0"                     [id=197484, stack(0x00000046ca600000,0x00000046ca700000) (1024K)]
  0x000001e96c6c2de0 WorkerThread "GC Thread#1"                     [id=190888, stack(0x00000046cbd00000,0x00000046cbe00000) (1024K)]
  0x000001e96c6c3190 WorkerThread "GC Thread#2"                     [id=196544, stack(0x00000046cbe00000,0x00000046cbf00000) (1024K)]
  0x000001e96c6c1880 WorkerThread "GC Thread#3"                     [id=196788, stack(0x00000046cbf00000,0x00000046cc000000) (1024K)]
  0x000001e96c6c1c30 WorkerThread "GC Thread#4"                     [id=182320, stack(0x00000046cc000000,0x00000046cc100000) (1024K)]
  0x000001e96c6c1fe0 WorkerThread "GC Thread#5"                     [id=195872, stack(0x00000046cc100000,0x00000046cc200000) (1024K)]
  0x000001e96c7055f0 WorkerThread "GC Thread#6"                     [id=196588, stack(0x00000046cc200000,0x00000046cc300000) (1024K)]
  0x000001e96c703fd0 WorkerThread "GC Thread#7"                     [id=196940, stack(0x00000046cc300000,0x00000046cc400000) (1024K)]
  0x000001e96c703c20 WorkerThread "GC Thread#8"                     [id=197528, stack(0x00000046cc400000,0x00000046cc500000) (1024K)]
  0x000001e96c704ae0 WorkerThread "GC Thread#9"                     [id=197532, stack(0x00000046cc500000,0x00000046cc600000) (1024K)]
  0x000001e96c704380 WorkerThread "GC Thread#10"                    [id=196764, stack(0x00000046cc600000,0x00000046cc700000) (1024K)]
  0x000001e96c704730 WorkerThread "GC Thread#11"                    [id=183764, stack(0x00000046cc700000,0x00000046cc800000) (1024K)]
  0x000001e96c704e90 WorkerThread "GC Thread#12"                    [id=196564, stack(0x00000046cc800000,0x00000046cc900000) (1024K)]
  0x000001e90c006780 ConcurrentGCThread "G1 Main Marker"            [id=197080, stack(0x00000046ca700000,0x00000046ca800000) (1024K)]
  0x000001e90c007290 WorkerThread "G1 Conc#0"                       [id=186612, stack(0x00000046ca800000,0x00000046ca900000) (1024K)]
  0x000001e96cf59e60 WorkerThread "G1 Conc#1"                       [id=197264, stack(0x00000046cc900000,0x00000046cca00000) (1024K)]
  0x000001e96cf5a210 WorkerThread "G1 Conc#2"                       [id=188968, stack(0x00000046cca00000,0x00000046ccb00000) (1024K)]
  0x000001e923a94fe0 ConcurrentGCThread "G1 Refine#0"               [id=192536, stack(0x00000046ca900000,0x00000046caa00000) (1024K)]
  0x000001e923a95b60 ConcurrentGCThread "G1 Service"                [id=191576, stack(0x00000046caa00000,0x00000046cab00000) (1024K)]
Total: 21

Threads with active compile tasks:
Total: 0

VM state: not at safepoint (normal execution)

VM Mutex/Monitor currently owned by a thread: None

Heap address: 0x000000060d000000, size: 7984 MB, Compressed Oops mode: Zero based, Oop shift amount: 3

CDS archive(s) mapped at: [0x000001e927000000-0x000001e927cf0000-0x000001e927cf0000), size 13565952, SharedBaseAddress: 0x000001e927000000, ArchiveRelocationMode: 1.
Compressed class space mapped at: 0x000001e928000000-0x000001e968000000, reserved size: 1073741824
Narrow klass base: 0x000001e927000000, Narrow klass shift: 0, Narrow klass range: 0x100000000

GC Precious Log:
 CardTable entry size: 512
 Card Set container configuration: InlinePtr #cards 4 size 8 Array Of Cards #cards 32 size 80 Howl #buckets 8 coarsen threshold 7372 Howl Bitmap #cards 1024 size 144 coarsen threshold 921 Card regions per heap region 1 cards per card region 8192
 CPUs: 16 total, 16 available
 Memory: 31934M
 Large Page Support: Disabled
 NUMA Support: Disabled
 Compressed Oops: Enabled (Zero based)
 Heap Region Size: 4M
 Heap Min Capacity: 8M
 Heap Initial Capacity: 500M
 Heap Max Capacity: 7984M
 Pre-touch: Disabled
 Parallel Workers: 13
 Concurrent Workers: 3
 Concurrent Refinement Workers: 13
 Periodic GC: Disabled

Heap:
 garbage-first heap   total 81920K, used 51575K [0x000000060d000000, 0x0000000800000000)
  region size 4096K, 7 young (28672K), 2 survivors (8192K)
 Metaspace       used 28844K, committed 30080K, reserved 1114112K
  class space    used 3479K, committed 4032K, reserved 1048576K

Heap Regions: E=young(eden), S=young(survivor), O=old, HS=humongous(starts), HC=humongous(continues), CS=collection set, F=free, TAMS=top-at-mark-start, PB=parsable bottom
|   0|0x000000060d000000, 0x000000060d000000, 0x000000060d400000|  0%| F|  |TAMS 0x000000060d000000| PB 0x000000060d000000| Untracked 
|   1|0x000000060d400000, 0x000000060d800000, 0x000000060d800000|100%|HS|  |TAMS 0x000000060d400000| PB 0x000000060d400000| Complete 
|   2|0x000000060d800000, 0x000000060dc00000, 0x000000060dc00000|100%|HC|  |TAMS 0x000000060d800000| PB 0x000000060d800000| Complete 
|   3|0x000000060dc00000, 0x000000060e000000, 0x000000060e000000|100%|HC|  |TAMS 0x000000060dc00000| PB 0x000000060dc00000| Complete 
|   4|0x000000060e000000, 0x000000060e400000, 0x000000060e400000|100%| O|  |TAMS 0x000000060e000000| PB 0x000000060e000000| Untracked 
|   5|0x000000060e400000, 0x000000060e64c840, 0x000000060e800000| 57%| O|  |TAMS 0x000000060e400000| PB 0x000000060e400000| Untracked 
|   6|0x000000060e800000, 0x000000060e800000, 0x000000060ec00000|  0%| F|  |TAMS 0x000000060e800000| PB 0x000000060e800000| Untracked 
|   7|0x000000060ec00000, 0x000000060ec00000, 0x000000060f000000|  0%| F|  |TAMS 0x000000060ec00000| PB 0x000000060ec00000| Untracked 
|   8|0x000000060f000000, 0x000000060f000000, 0x000000060f400000|  0%| F|  |TAMS 0x000000060f000000| PB 0x000000060f000000| Untracked 
|   9|0x000000060f400000, 0x000000060f400000, 0x000000060f800000|  0%| F|  |TAMS 0x000000060f400000| PB 0x000000060f400000| Untracked 
|  10|0x000000060f800000, 0x000000060fb96f28, 0x000000060fc00000| 89%| E|  |TAMS 0x000000060f800000| PB 0x000000060f800000| Complete 
|  11|0x000000060fc00000, 0x0000000610000000, 0x0000000610000000|100%|HS|  |TAMS 0x000000060fc00000| PB 0x000000060fc00000| Complete 
|  12|0x0000000610000000, 0x0000000610400000, 0x0000000610400000|100%|HC|  |TAMS 0x0000000610000000| PB 0x0000000610000000| Complete 
|  13|0x0000000610400000, 0x0000000610800000, 0x0000000610800000|100%|HC|  |TAMS 0x0000000610400000| PB 0x0000000610400000| Complete 
|  14|0x0000000610800000, 0x0000000610c00000, 0x0000000610c00000|100%| E|CS|TAMS 0x0000000610800000| PB 0x0000000610800000| Complete 
|  15|0x0000000610c00000, 0x0000000611000000, 0x0000000611000000|100%| E|CS|TAMS 0x0000000610c00000| PB 0x0000000610c00000| Complete 
|  16|0x0000000611000000, 0x0000000611400000, 0x0000000611400000|100%| E|CS|TAMS 0x0000000611000000| PB 0x0000000611000000| Complete 
| 119|0x000000062ac00000, 0x000000062ac114b0, 0x000000062b000000|  1%| S|CS|TAMS 0x000000062ac00000| PB 0x000000062ac00000| Complete 
| 120|0x000000062b000000, 0x000000062b400000, 0x000000062b400000|100%| S|CS|TAMS 0x000000062b000000| PB 0x000000062b000000| Complete 
| 124|0x000000062c000000, 0x000000062c400000, 0x000000062c400000|100%| E|CS|TAMS 0x000000062c000000| PB 0x000000062c000000| Complete 

Card table byte_map: [0x000001e91acc0000,0x000001e91bc60000] _byte_map_base: 0x000001e917c58000

Marking Bits: (CMBitMap*) 0x000001e90bff6520
 Bits: [0x000001e91bc60000, 0x000001e923920000)

Polling page: 0x000001e90c050000

Metaspace:

Usage:
  Non-class:     24.77 MB used.
      Class:      3.40 MB used.
       Both:     28.17 MB used.

Virtual space:
  Non-class space:       64.00 MB reserved,      25.44 MB ( 40%) committed,  1 nodes.
      Class space:        1.00 GB reserved,       3.94 MB ( <1%) committed,  1 nodes.
             Both:        1.06 GB reserved,      29.38 MB (  3%) committed. 

Chunk freelists:
   Non-Class:  5.86 MB
       Class:  12.11 MB
        Both:  17.97 MB

MaxMetaspaceSize: unlimited
CompressedClassSpaceSize: 1.00 GB
Initial GC threshold: 21.00 MB
Current GC threshold: 43.75 MB
CDS: on
 - commit_granule_bytes: 65536.
 - commit_granule_words: 8192.
 - virtual_space_node_default_size: 8388608.
 - enlarge_chunks_in_place: 1.
 - use_allocation_guard: 0.


Internal statistics:

num_allocs_failed_limit: 6.
num_arena_births: 1878.
num_arena_deaths: 0.
num_vsnodes_births: 2.
num_vsnodes_deaths: 0.
num_space_committed: 470.
num_space_uncommitted: 0.
num_chunks_returned_to_freelist: 6.
num_chunks_taken_from_freelist: 3169.
num_chunk_merges: 6.
num_chunk_splits: 2005.
num_chunks_enlarged: 1061.
num_inconsistent_stats: 0.

CodeCache: size=49152Kb used=9023Kb max_used=9803Kb free=40128Kb
 bounds [0x000001e915ef0000, 0x000001e916890000, 0x000001e918ef0000]
 total_blobs=5073 nmethods=4013 adapters=982
 compilation: enabled
              stopped_count=0, restarted_count=0
 full_count=0

Compilation events (20 events):
Event: 11.653 Thread 0x000001e926ae6080 nmethod 4039 0x000001e916292390 code [0x000001e916292540, 0x000001e916292640]
Event: 11.653 Thread 0x000001e926b65c80 nmethod 4038 0x000001e916292010 code [0x000001e9162921a0, 0x000001e916292318]
Event: 11.653 Thread 0x000001e926ae6080 4040       1       uk.co.real_logic.artio.dictionary.CharArrayWrapper::<init> (5 bytes)
Event: 11.653 Thread 0x000001e926ae6080 nmethod 4040 0x000001e916291d10 code [0x000001e916291ea0, 0x000001e916291f68]
Event: 11.655 Thread 0x000001e926ae6080 4045       1       io.aeron.driver.CounterLink::registrationId (5 bytes)
Event: 11.655 Thread 0x000001e926ae6080 nmethod 4045 0x000001e91628fb10 code [0x000001e91628fca0, 0x000001e91628fd68]
Event: 11.664 Thread 0x000001e926ae6080 4046       1       org.agrona.concurrent.UnsafeBuffer::wrapAdjustment (5 bytes)
Event: 11.664 Thread 0x000001e926ae6080 nmethod 4046 0x000001e91628f810 code [0x000001e91628f9a0, 0x000001e91628fa68]
Event: 11.690 Thread 0x000001e926b65c80 4048       1       jdk.internal.misc.Unsafe::getAndAddLong (27 bytes)
Event: 11.690 Thread 0x000001e926ae6080 4049       1       jdk.internal.misc.Unsafe::weakCompareAndSetLong (11 bytes)
Event: 11.690 Thread 0x000001e926ae6080 nmethod 4049 0x000001e91628f210 code [0x000001e91628f3a0, 0x000001e91628f488]
Event: 11.690 Thread 0x000001e926b65c80 nmethod 4048 0x000001e91628ee90 code [0x000001e91628f020, 0x000001e91628f130]
Event: 11.698 Thread 0x000001e926b65c80 4050       1       io.aeron.logbuffer.FrameDescriptor::typeOffset (5 bytes)
Event: 11.698 Thread 0x000001e926b65c80 nmethod 4050 0x000001e91628eb90 code [0x000001e91628ed20, 0x000001e91628edd0]
Event: 11.704 Thread 0x000001e926b65c80 4051       1       sun.misc.Unsafe::storeFence (7 bytes)
Event: 11.704 Thread 0x000001e926b65c80 nmethod 4051 0x000001e91628e890 code [0x000001e91628ea20, 0x000001e91628eae8]
Event: 11.725 Thread 0x000001e926b65c80 4052       1       java.util.concurrent.locks.ReentrantLock$NonfairSync::tryAcquire (27 bytes)
Event: 11.725 Thread 0x000001e926b65c80 nmethod 4052 0x000001e91628e490 code [0x000001e91628e640, 0x000001e91628e7c8]
Event: 11.771 Thread 0x000001e926ae6080 4053       1       sun.nio.ch.Util$BufferCache::next (8 bytes)
Event: 11.771 Thread 0x000001e926ae6080 nmethod 4053 0x000001e91628e190 code [0x000001e91628e320, 0x000001e91628e418]

GC Heap History (12 events):
Event: 0.288 GC heap before
{Heap before GC invocations=0 (full 0):
 garbage-first heap   total 512000K, used 24576K [0x000000060d000000, 0x0000000800000000)
  region size 4096K, 6 young (24576K), 0 survivors (0K)
 Metaspace       used 6580K, committed 6848K, reserved 1114112K
  class space    used 753K, committed 896K, reserved 1048576K
}
Event: 0.290 GC heap after
{Heap after GC invocations=1 (full 0):
 garbage-first heap   total 512000K, used 4360K [0x000000060d000000, 0x0000000800000000)
  region size 4096K, 1 young (4096K), 1 survivors (4096K)
 Metaspace       used 6580K, committed 6848K, reserved 1114112K
  class space    used 753K, committed 896K, reserved 1048576K
}
Event: 0.564 GC heap before
{Heap before GC invocations=1 (full 0):
 garbage-first heap   total 512000K, used 37128K [0x000000060d000000, 0x0000000800000000)
  region size 4096K, 9 young (36864K), 1 survivors (4096K)
 Metaspace       used 13436K, committed 13760K, reserved 1114112K
  class space    used 1764K, committed 1920K, reserved 1048576K
}
Event: 0.566 GC heap after
{Heap after GC invocations=2 (full 0):
 garbage-first heap   total 512000K, used 6721K [0x000000060d000000, 0x0000000800000000)
  region size 4096K, 2 young (8192K), 2 survivors (8192K)
 Metaspace       used 13436K, committed 13760K, reserved 1114112K
  class space    used 1764K, committed 1920K, reserved 1048576K
}
Event: 0.685 GC heap before
{Heap before GC invocations=2 (full 0):
 garbage-first heap   total 512000K, used 19009K [0x000000060d000000, 0x0000000800000000)
  region size 4096K, 6 young (24576K), 2 survivors (8192K)
 Metaspace       used 15438K, committed 15872K, reserved 1114112K
  class space    used 2056K, committed 2240K, reserved 1048576K
}
Event: 0.687 GC heap after
{Heap after GC invocations=3 (full 0):
 garbage-first heap   total 512000K, used 7618K [0x000000060d000000, 0x0000000800000000)
  region size 4096K, 2 young (8192K), 2 survivors (8192K)
 Metaspace       used 15438K, committed 15872K, reserved 1114112K
  class space    used 2056K, committed 2240K, reserved 1048576K
}
Event: 1.083 GC heap before
{Heap before GC invocations=4 (full 0):
 garbage-first heap   total 69632K, used 64962K [0x000000060d000000, 0x0000000800000000)
  region size 4096K, 10 young (40960K), 2 survivors (8192K)
 Metaspace       used 22707K, committed 23232K, reserved 1114112K
  class space    used 2792K, committed 3008K, reserved 1048576K
}
Event: 1.087 GC heap after
{Heap after GC invocations=5 (full 0):
 garbage-first heap   total 81920K, used 34847K [0x000000060d000000, 0x0000000800000000)
  region size 4096K, 3 young (12288K), 3 survivors (12288K)
 Metaspace       used 22707K, committed 23232K, reserved 1114112K
  class space    used 2792K, committed 3008K, reserved 1048576K
}
Event: 1.432 GC heap before
{Heap before GC invocations=5 (full 0):
 garbage-first heap   total 81920K, used 51231K [0x000000060d000000, 0x0000000800000000)
  region size 4096K, 8 young (32768K), 3 survivors (12288K)
 Metaspace       used 25919K, committed 26496K, reserved 1114112K
  class space    used 3048K, committed 3328K, reserved 1048576K
}
Event: 1.435 GC heap after
{Heap after GC invocations=6 (full 0):
 garbage-first heap   total 81920K, used 35282K [0x000000060d000000, 0x0000000800000000)
  region size 4096K, 2 young (8192K), 2 survivors (8192K)
 Metaspace       used 25919K, committed 26496K, reserved 1114112K
  class space    used 3048K, committed 3328K, reserved 1048576K
}
Event: 1.443 GC heap before
{Heap before GC invocations=6 (full 0):
 garbage-first heap   total 81920K, used 35282K [0x000000060d000000, 0x0000000800000000)
  region size 4096K, 3 young (12288K), 2 survivors (8192K)
 Metaspace       used 26265K, committed 26816K, reserved 1114112K
  class space    used 3076K, committed 3328K, reserved 1048576K
}
Event: 1.444 GC heap after
{Heap after GC invocations=7 (full 0):
 garbage-first heap   total 81920K, used 35191K [0x000000060d000000, 0x0000000800000000)
  region size 4096K, 2 young (8192K), 2 survivors (8192K)
 Metaspace       used 26265K, committed 26816K, reserved 1114112K
  class space    used 3076K, committed 3328K, reserved 1048576K
}

Dll operation events (11 events):
Event: 0.004 Loaded shared library G:\.dev\jdk-21-zulu\bin\java.dll
Event: 0.004 Loaded shared library G:\.dev\jdk-21-zulu\bin\zip.dll
Event: 0.065 Loaded shared library G:\.dev\jdk-21-zulu\bin\instrument.dll
Event: 0.074 Loaded shared library G:\.dev\jdk-21-zulu\bin\jimage.dll
Event: 0.077 Loaded shared library G:\.dev\jdk-21-zulu\bin\net.dll
Event: 0.078 Loaded shared library G:\.dev\jdk-21-zulu\bin\nio.dll
Event: 0.081 Loaded shared library G:\.dev\jdk-21-zulu\bin\zip.dll
Event: 0.104 Loaded shared library G:\.dev\jdk-21-zulu\bin\management.dll
Event: 0.110 Loaded shared library G:\.dev\jdk-21-zulu\bin\management_ext.dll
Event: 0.227 Loaded shared library G:\.dev\jdk-21-zulu\bin\extnet.dll
Event: 0.795 Loaded shared library G:\.dev\jdk-21-zulu\bin\sunmscapi.dll

Deoptimization events (20 events):
Event: 0.733 Thread 0x000001e90bf8e270 DEOPT PACKING pc=0x000001e9163e5d59 sp=0x00000046ca5fd180
Event: 0.733 Thread 0x000001e90bf8e270 DEOPT UNPACKING pc=0x000001e915f488e2 sp=0x00000046ca5fc5d8 mode 1
Event: 0.733 Thread 0x000001e90bf8e270 DEOPT PACKING pc=0x000001e9163e592c sp=0x00000046ca5fd210
Event: 0.733 Thread 0x000001e90bf8e270 DEOPT UNPACKING pc=0x000001e915f488e2 sp=0x00000046ca5fc6b8 mode 1
Event: 0.733 Thread 0x000001e90bf8e270 DEOPT PACKING pc=0x000001e91639f514 sp=0x00000046ca5fdc60
Event: 0.733 Thread 0x000001e90bf8e270 DEOPT UNPACKING pc=0x000001e915f488e2 sp=0x00000046ca5fd128 mode 1
Event: 0.733 Thread 0x000001e90bf8e270 DEOPT PACKING pc=0x000001e91646733c sp=0x00000046ca5fdcf0
Event: 0.733 Thread 0x000001e90bf8e270 DEOPT UNPACKING pc=0x000001e915f488e2 sp=0x00000046ca5fd208 mode 1
Event: 0.733 Thread 0x000001e90bf8e270 DEOPT PACKING pc=0x000001e91646634c sp=0x00000046ca5fdee0
Event: 0.733 Thread 0x000001e90bf8e270 DEOPT UNPACKING pc=0x000001e915f488e2 sp=0x00000046ca5fd378 mode 1
Event: 0.733 Thread 0x000001e90bf8e270 DEOPT PACKING pc=0x000001e9165a8294 sp=0x00000046ca5fdf20
Event: 0.733 Thread 0x000001e90bf8e270 DEOPT UNPACKING pc=0x000001e915f488e2 sp=0x00000046ca5fd420 mode 1
Event: 0.733 Thread 0x000001e90bf8e270 DEOPT PACKING pc=0x000001e9165f6b94 sp=0x00000046ca5fdff0
Event: 0.733 Thread 0x000001e90bf8e270 DEOPT UNPACKING pc=0x000001e915f488e2 sp=0x00000046ca5fd570 mode 1
Event: 0.740 Thread 0x000001e90bf8e270 DEOPT PACKING pc=0x000001e9162fbce4 sp=0x00000046ca5fe240
Event: 0.740 Thread 0x000001e90bf8e270 DEOPT UNPACKING pc=0x000001e915f488e2 sp=0x00000046ca5fd788 mode 1
Event: 1.098 Thread 0x000001e96d076c10 DEOPT PACKING pc=0x000001e91639f514 sp=0x00000046cd0fe630
Event: 1.098 Thread 0x000001e96d076c10 DEOPT UNPACKING pc=0x000001e915f488e2 sp=0x00000046cd0fdaf8 mode 1
Event: 1.098 Thread 0x000001e96d076c10 DEOPT PACKING pc=0x000001e91639f18c sp=0x00000046cd0fe6c0
Event: 1.098 Thread 0x000001e96d076c10 DEOPT UNPACKING pc=0x000001e915f488e2 sp=0x00000046cd0fdb98 mode 1

Classes loaded (20 events):
Event: 11.682 Loading class uk/co/real_logic/artio/engine/RecordingCoordinator$CompletingRecording
Event: 11.682 Loading class uk/co/real_logic/artio/engine/RecordingCoordinator$CompletingRecording done
Event: 11.682 Loading class uk/co/real_logic/artio/engine/RecordingCoordinator$CompletingRecording
Event: 11.682 Loading class uk/co/real_logic/artio/engine/RecordingCoordinator$CompletingRecording done
Event: 11.686 Loading class io/aeron/archive/codecs/StopRecordingSubscriptionRequestEncoder
Event: 11.686 Loading class io/aeron/archive/codecs/StopRecordingSubscriptionRequestEncoder done
Event: 11.689 Loading class org/agrona/collections/Object2ObjectHashMap$ValueCollection
Event: 11.689 Loading class org/agrona/collections/Object2ObjectHashMap$ValueCollection done
Event: 11.690 Loading class org/agrona/collections/Object2ObjectHashMap$ValueIterator
Event: 11.690 Loading class org/agrona/collections/Object2ObjectHashMap$ValueIterator done
Event: 11.703 Loading class io/aeron/archive/client/AeronArchive
Event: 11.703 Loading class io/aeron/archive/client/AeronArchive done
Event: 11.704 Loading class io/aeron/archive/codecs/CloseSessionRequestEncoder
Event: 11.704 Loading class io/aeron/archive/codecs/CloseSessionRequestEncoder done
Event: 11.725 Loading class io/aeron/driver/PublicationImage
Event: 11.725 Loading class io/aeron/driver/PublicationImage done
Event: 11.725 Loading class io/aeron/driver/NetworkPublication
Event: 11.725 Loading class io/aeron/driver/NetworkPublication done
Event: 11.726 Loading class io/aeron/driver/IpcPublication
Event: 11.726 Loading class io/aeron/driver/IpcPublication done

Classes unloaded (0 events):
No events

Classes redefined (0 events):
No events

Internal exceptions (20 events):
Event: 1.682 Thread 0x000001e96d3dae80 Exception <a 'java/lang/NoSuchMethodError'{0x00000006111067e0}: 'java.lang.Object java.lang.invoke.Invokers$Holder.linkToTargetMethod(java.lang.Object, java.lang.Object, long, int, java.lang.Object)'> (0x00000006111067e0) 
thrown [s\src\hotspot\share\interpreter\linkResolver.cpp, line 773]
Event: 1.842 Thread 0x000001e90bf8e270 Exception <a 'java/lang/NoSuchMethodError'{0x00000006112ddba8}: 'java.lang.Object java.lang.invoke.DirectMethodHandle$Holder.invokeStatic(java.lang.Object, java.lang.Object, java.lang.Object, java.lang.Object, java.lang.Object, java.lang.Object, java.lang.Object, java.lang.Object, java.lang.Object, java.lang.Object, java.lang.Object, java.lang.Object, java.lang.Object)'> (0x00000006112ddba8) 
thrown [s\src\hotspot\share\interpreter\linkResolver.cpp, line 773]
Event: 1.843 Thread 0x000001e90bf8e270 Exception <a 'java/lang/NoSuchMethodError'{0x00000006113097a8}: 'java.lang.Object java.lang.invoke.DirectMethodHandle$Holder.invokeStatic(java.lang.Object, java.lang.Object, java.lang.Object, java.lang.Object, java.lang.Object, java.lang.Object, java.lang.Object, java.lang.Object, java.lang.Object, java.lang.Object, java.lang.Object, java.lang.Object, java.lang.Object, java.lang.Object)'> (0x00000006113097a8) 
thrown [s\src\hotspot\share\interpreter\linkResolver.cpp, line 773]
Event: 1.844 Thread 0x000001e90bf8e270 Exception <a 'java/lang/NoSuchMethodError'{0x000000061134fbe0}: 'java.lang.Object java.lang.invoke.DirectMethodHandle$Holder.invokeStatic(java.lang.Object, java.lang.Object, java.lang.Object, java.lang.Object, java.lang.Object, java.lang.Object, java.lang.Object, java.lang.Object, java.lang.Object, java.lang.Object, java.lang.Object, java.lang.Object, java.lang.Object, java.lang.Object, java.lang.Object)'> (0x000000061134fbe0) 
thrown [s\src\hotspot\share\interpreter\linkResolver.cpp, line 773]
Event: 1.845 Thread 0x000001e90bf8e270 Exception <a 'java/lang/NoSuchMethodError'{0x000000061137ef18}: 'java.lang.Object java.lang.invoke.DirectMethodHandle$Holder.invokeStatic(java.lang.Object, java.lang.Object, java.lang.Object, java.lang.Object, java.lang.Object, java.lang.Object, java.lang.Object, java.lang.Object, java.lang.Object, java.lang.Object, java.lang.Object, java.lang.Object, java.lang.Object, java.lang.Object, java.lang.Object, java.lang.Object)'> (0x000000061137ef18) 
thrown [s\src\hotspot\share\interpreter\linkResolver.cpp, lin
Event: 1.846 Thread 0x000001e90bf8e270 Exception <a 'java/lang/NoSuchMethodError'{0x000000061139f770}: 'java.lang.Object java.lang.invoke.DelegatingMethodHandle$Holder.reinvoke_L(java.lang.Object, java.lang.Object, long, int, int, java.lang.Object, java.lang.Object, int, java.lang.Object, java.lang.Object, java.lang.Object, java.lang.Object, long, int, int, int, int, int, int, int, int, int, int, int, java.lang.Object, int, int, int, int, long, long, long, long, long, long, long, long, long, long, long, long, long, int, long, long, long, long, 
Event: 1.850 Thread 0x000001e90bf8e270 Exception <a 'java/lang/NoSuchMethodError'{0x0000000610c4bb60}: 'java.lang.Object java.lang.invoke.DirectMethodHandle$Holder.invokeSpecial(java.lang.Object, java.lang.Object, long, int, int, java.lang.Object, java.lang.Object, int, java.lang.Object, java.lang.Object, java.lang.Object, java.lang.Object, long, int, int, int, int, int, int, int, int, int, int, int, java.lang.Object, int, int, int, int, long, long, long, long, long, long, long, long, long, long, long, long, long, int, long, long, long, long, l
Event: 1.850 Thread 0x000001e90bf8e270 Exception <a 'java/lang/NoSuchMethodError'{0x0000000610c54510}: 'java.lang.Object java.lang.invoke.DelegatingMethodHandle$Holder.reinvoke_L(java.lang.Object, long, int, int, java.lang.Object, java.lang.Object, int, java.lang.Object, java.lang.Object, java.lang.Object, java.lang.Object, long, int, int, int, int, int, int, int, int, int, int, int, java.lang.Object, int, int, int, int, long, long, long, long, long, long, long, long, long, long, long, long, long, int, long, long, long, long, long, long, int, i
Event: 1.862 Thread 0x000001e90bf8e270 Exception <a 'java/lang/NoSuchMethodError'{0x0000000610e9f2a0}: 'java.lang.Object java.lang.invoke.DelegatingMethodHandle$Holder.reinvoke_L(java.lang.Object, java.lang.Object, long, java.lang.Object, java.lang.Object, java.lang.Object, java.lang.Object, java.lang.Object, java.lang.Object, java.lang.Object, java.lang.Object, int, java.lang.Object, java.lang.Object, java.lang.Object, java.lang.Object, java.lang.Object, java.lang.Object, int, java.lang.Object, java.lang.Object, java.lang.Object, java.lang.Obj
Event: 1.865 Thread 0x000001e90bf8e270 Exception <a 'java/lang/NoSuchMethodError'{0x0000000610f1a600}: 'java.lang.Object java.lang.invoke.DirectMethodHandle$Holder.invokeSpecial(java.lang.Object, java.lang.Object, long, java.lang.Object, java.lang.Object, java.lang.Object, java.lang.Object, java.lang.Object, java.lang.Object, java.lang.Object, java.lang.Object, int, java.lang.Object, java.lang.Object, java.lang.Object, java.lang.Object, java.lang.Object, java.lang.Object, int, java.lang.Object, java.lang.Object, java.lang.Object, java.lang.Obje
Event: 1.865 Thread 0x000001e90bf8e270 Exception <a 'java/lang/NoSuchMethodError'{0x0000000610f22748}: 'java.lang.Object java.lang.invoke.DelegatingMethodHandle$Holder.reinvoke_L(java.lang.Object, long, java.lang.Object, java.lang.Object, java.lang.Object, java.lang.Object, java.lang.Object, java.lang.Object, java.lang.Object, java.lang.Object, int, java.lang.Object, java.lang.Object, java.lang.Object, java.lang.Object, java.lang.Object, java.lang.Object, int, java.lang.Object, java.lang.Object, java.lang.Object, java.lang.Object, java.lang.Obj
Event: 1.872 Thread 0x000001e90bf8e270 Exception <a 'java/lang/NoSuchMethodError'{0x00000006108407c8}: 'java.lang.Object java.lang.invoke.DirectMethodHandle$Holder.invokeSpecial(java.lang.Object, java.lang.Object, java.lang.Object, java.lang.Object, long)'> (0x00000006108407c8) 
thrown [s\src\hotspot\share\interpreter\linkResolver.cpp, line 773]
Event: 1.873 Thread 0x000001e90bf8e270 Exception <a 'java/lang/NoSuchMethodError'{0x00000006108441d8}: 'java.lang.Object java.lang.invoke.Invokers$Holder.linkToTargetMethod(java.lang.Object, java.lang.Object, long, java.lang.Object)'> (0x00000006108441d8) 
thrown [s\src\hotspot\share\interpreter\linkResolver.cpp, line 773]
Event: 1.878 Thread 0x000001e90bf8e270 Exception <a 'java/lang/NoSuchMethodError'{0x0000000610942270}: 'java.lang.Object java.lang.invoke.DelegatingMethodHandle$Holder.reinvoke_L(java.lang.Object, java.lang.Object, long, int, int, int, java.lang.Object, java.lang.Object, java.lang.Object, java.lang.Object, java.lang.Object, java.lang.Object, long, java.lang.Object, java.lang.Object, java.lang.Object, java.lang.Object, java.lang.Object, int, java.lang.Object, int, int, int, int, java.lang.Object, int, int, java.lang.Object, long, long, long, lon
Event: 1.881 Thread 0x000001e90bf8e270 Exception <a 'java/lang/NoSuchMethodError'{0x00000006109eeec0}: 'java.lang.Object java.lang.invoke.DirectMethodHandle$Holder.invokeSpecial(java.lang.Object, java.lang.Object, long, int, int, int, java.lang.Object, java.lang.Object, java.lang.Object, java.lang.Object, java.lang.Object, java.lang.Object, long, java.lang.Object, java.lang.Object, java.lang.Object, java.lang.Object, java.lang.Object, int, java.lang.Object, int, int, int, int, java.lang.Object, int, int, java.lang.Object, long, long, long, long
Event: 1.881 Thread 0x000001e90bf8e270 Exception <a 'java/lang/NoSuchMethodError'{0x00000006109f7ae0}: 'java.lang.Object java.lang.invoke.DelegatingMethodHandle$Holder.reinvoke_L(java.lang.Object, long, int, int, int, java.lang.Object, java.lang.Object, java.lang.Object, java.lang.Object, java.lang.Object, java.lang.Object, long, java.lang.Object, java.lang.Object, java.lang.Object, java.lang.Object, java.lang.Object, int, java.lang.Object, int, int, int, int, java.lang.Object, int, int, java.lang.Object, long, long, long, long, int, int, int, 
Event: 1.885 Thread 0x000001e90bf8e270 Exception <a 'java/lang/NoSuchMethodError'{0x0000000610ac7da0}: 'long java.lang.invoke.DirectMethodHandle$Holder.invokeSpecial(java.lang.Object, java.lang.Object, int, long)'> (0x0000000610ac7da0) 
thrown [s\src\hotspot\share\interpreter\linkResolver.cpp, line 773]
Event: 1.885 Thread 0x000001e90bf8e270 Exception <a 'java/lang/NoSuchMethodError'{0x0000000610acfa58}: 'java.lang.Object java.lang.invoke.DirectMethodHandle$Holder.invokeSpecial(java.lang.Object, java.lang.Object, int, long)'> (0x0000000610acfa58) 
thrown [s\src\hotspot\share\interpreter\linkResolver.cpp, line 773]
Event: 2.774 Thread 0x000001e96d3d8db0 Exception <a 'java/lang/NoSuchMethodError'{0x000000062c1f2c78}: 'int java.lang.invoke.DirectMethodHandle$Holder.invokeStatic(java.lang.Object, int, java.lang.Object)'> (0x000000062c1f2c78) 
thrown [s\src\hotspot\share\interpreter\linkResolver.cpp, line 773]
Event: 11.657 Thread 0x000001e96d3da160 Exception <a 'java/lang/IncompatibleClassChangeError'{0x000000060fb4f9f0}: Found class java.lang.Object, but interface was expected> (0x000000060fb4f9f0) 
thrown [s\src\hotspot\share\interpreter\linkResolver.cpp, line 840]

ZGC Phase Switch (0 events):
No events

VM Operations (20 events):
Event: 11.748 Executing VM operation: Cleanup
Event: 11.748 Executing VM operation: Cleanup done
Event: 11.773 Executing VM operation: get/set locals
Event: 11.773 Executing VM operation: get/set locals done
Event: 11.773 Executing VM operation: get/set locals
Event: 11.773 Executing VM operation: get/set locals done
Event: 11.774 Executing VM operation: get/set locals
Event: 11.774 Executing VM operation: get/set locals done
Event: 11.774 Executing VM operation: get/set locals
Event: 11.774 Executing VM operation: get/set locals done
Event: 11.774 Executing VM operation: get/set locals
Event: 11.774 Executing VM operation: get/set locals done
Event: 11.774 Executing VM operation: get/set locals
Event: 11.774 Executing VM operation: get/set locals done
Event: 11.774 Executing VM operation: get/set locals
Event: 11.774 Executing VM operation: get/set locals done
Event: 11.774 Executing VM operation: get/set locals
Event: 11.774 Executing VM operation: get/set locals done
Event: 11.774 Executing VM operation: get/set locals
Event: 11.774 Executing VM operation: get/set locals done

Events (20 events):
Event: 8.808 Thread 0x000001e96d3d8720 Thread added: 0x000001e96d3d8720
Event: 8.809 Thread 0x000001e96d3d8720 Thread exited: 0x000001e96d3d8720
Event: 9.311 Thread 0x000001e96d3d8720 Thread added: 0x000001e96d3d8720
Event: 9.312 Thread 0x000001e96d3d8720 Thread exited: 0x000001e96d3d8720
Event: 9.813 Thread 0x000001e96d3dbba0 Thread added: 0x000001e96d3dbba0
Event: 9.815 Thread 0x000001e96d3dbba0 Thread exited: 0x000001e96d3dbba0
Event: 9.815 Thread 0x000001e926b65c80 Thread added: 0x000001e926b65c80
Event: 10.317 Thread 0x000001e96d3d8db0 Thread added: 0x000001e96d3d8db0
Event: 10.318 Thread 0x000001e96d3d8db0 Thread exited: 0x000001e96d3d8db0
Event: 10.820 Thread 0x000001e96d3d8720 Thread added: 0x000001e96d3d8720
Event: 10.821 Thread 0x000001e96d3d8720 Thread exited: 0x000001e96d3d8720
Event: 11.322 Thread 0x000001e96d3dbba0 Thread added: 0x000001e96d3dbba0
Event: 11.323 Thread 0x000001e96d3dbba0 Thread exited: 0x000001e96d3dbba0
Event: 11.657 Thread 0x000001e96d3da160 Thread exited: 0x000001e96d3da160
Event: 11.681 Thread 0x000001e96d3dae80 Thread exited: 0x000001e96d3dae80
Event: 11.705 Thread 0x000001e96d3db510 Thread exited: 0x000001e96d3db510
Event: 11.720 Thread 0x000001e96d3368e0 Thread exited: 0x000001e96d3368e0
Event: 11.723 Thread 0x000001e96d29c6e0 Thread exited: 0x000001e96d29c6e0
Event: 11.725 Thread 0x000001e96d150ab0 Thread exited: 0x000001e96d150ab0
Event: 11.771 Thread 0x000001e96d1e0310 Thread exited: 0x000001e96d1e0310


Dynamic libraries:
0x00007ff7b9e60000 - 0x00007ff7b9e6e000 	G:\.dev\jdk-21-zulu\bin\java.exe
0x00007ff885970000 - 0x00007ff885b87000 	C:\WINDOWS\SYSTEM32\ntdll.dll
0x00007ff884a80000 - 0x00007ff884b44000 	C:\WINDOWS\System32\KERNEL32.DLL
0x00007ff882f20000 - 0x00007ff8832da000 	C:\WINDOWS\System32\KERNELBASE.dll
0x00007ff882c40000 - 0x00007ff882d51000 	C:\WINDOWS\System32\ucrtbase.dll
0x00007ff86b740000 - 0x00007ff86b759000 	G:\.dev\jdk-21-zulu\bin\jli.dll
0x00007ff85c0f0000 - 0x00007ff85c10b000 	G:\.dev\jdk-21-zulu\bin\VCRUNTIME140.dll
0x00007ff884770000 - 0x00007ff88491e000 	C:\WINDOWS\System32\USER32.dll
0x00007ff8629f0000 - 0x00007ff862c82000 	C:\WINDOWS\WinSxS\amd64_microsoft.windows.common-controls_6595b64144ccf1df_6.0.22621.4541_none_2710d1c57384c085\COMCTL32.dll
0x00007ff883640000 - 0x00007ff883666000 	C:\WINDOWS\System32\win32u.dll
0x00007ff885750000 - 0x00007ff8857f7000 	C:\WINDOWS\System32\msvcrt.dll
0x00007ff885900000 - 0x00007ff885929000 	C:\WINDOWS\System32\GDI32.dll
0x00007ff882d60000 - 0x00007ff882e7b000 	C:\WINDOWS\System32\gdi32full.dll
0x00007ff882e80000 - 0x00007ff882f1a000 	C:\WINDOWS\System32\msvcp_win.dll
0x00007ff884d00000 - 0x00007ff884d31000 	C:\WINDOWS\System32\IMM32.DLL
0x00007ff87ca90000 - 0x00007ff87ca9c000 	G:\.dev\jdk-21-zulu\bin\vcruntime140_1.dll
0x00007ff83a600000 - 0x00007ff83a68e000 	G:\.dev\jdk-21-zulu\bin\msvcp140.dll
0x00007fffa8b80000 - 0x00007fffa9914000 	G:\.dev\jdk-21-zulu\bin\server\jvm.dll
0x00007ff883720000 - 0x00007ff8837d2000 	C:\WINDOWS\System32\ADVAPI32.dll
0x00007ff8852e0000 - 0x00007ff885387000 	C:\WINDOWS\System32\sechost.dll
0x00007ff8834a0000 - 0x00007ff8834c8000 	C:\WINDOWS\System32\bcrypt.dll
0x00007ff8851c0000 - 0x00007ff8852d4000 	C:\WINDOWS\System32\RPCRT4.dll
0x00007ff884da0000 - 0x00007ff884e11000 	C:\WINDOWS\System32\WS2_32.dll
0x00007ff8823d0000 - 0x00007ff88241d000 	C:\WINDOWS\SYSTEM32\POWRPROF.dll
0x00007ff878a70000 - 0x00007ff878aa4000 	C:\WINDOWS\SYSTEM32\WINMM.dll
0x00007ff87b390000 - 0x00007ff87b39a000 	C:\WINDOWS\SYSTEM32\VERSION.dll
0x00007ff8823b0000 - 0x00007ff8823c3000 	C:\WINDOWS\SYSTEM32\UMPDC.dll
0x00007ff881c40000 - 0x00007ff881c58000 	C:\WINDOWS\SYSTEM32\kernel.appcore.dll
0x00007ff869440000 - 0x00007ff86944a000 	G:\.dev\jdk-21-zulu\bin\jimage.dll
0x00007ff87e140000 - 0x00007ff87e372000 	C:\WINDOWS\SYSTEM32\DBGHELP.DLL
0x00007ff884e30000 - 0x00007ff8851bf000 	C:\WINDOWS\System32\combase.dll
0x00007ff884920000 - 0x00007ff8849f7000 	C:\WINDOWS\System32\OLEAUT32.dll
0x00007ff86c940000 - 0x00007ff86c972000 	C:\WINDOWS\SYSTEM32\dbgcore.DLL
0x00007ff883360000 - 0x00007ff8833db000 	C:\WINDOWS\System32\bcryptPrimitives.dll
0x00007ff84c580000 - 0x00007ff84c5bc000 	G:\.dev\jdk-21-zulu\bin\jdwp.dll
0x00007ff868110000 - 0x00007ff86811f000 	G:\.dev\jdk-21-zulu\bin\instrument.dll
0x00007ff8590c0000 - 0x00007ff8590df000 	G:\.dev\jdk-21-zulu\bin\java.dll
0x00007ff8551e0000 - 0x00007ff8551f8000 	G:\.dev\jdk-21-zulu\bin\zip.dll
0x00007ff8837e0000 - 0x00007ff884058000 	C:\WINDOWS\System32\SHELL32.dll
0x00007ff880b30000 - 0x00007ff881438000 	C:\WINDOWS\SYSTEM32\windows.storage.dll
0x00007ff8809f0000 - 0x00007ff880b2f000 	C:\WINDOWS\SYSTEM32\wintypes.dll
0x00007ff8855e0000 - 0x00007ff8856da000 	C:\WINDOWS\System32\SHCORE.dll
0x00007ff884d40000 - 0x00007ff884d9e000 	C:\WINDOWS\System32\shlwapi.dll
0x00007ff882b70000 - 0x00007ff882b9b000 	C:\WINDOWS\SYSTEM32\profapi.dll
0x00007ff861670000 - 0x00007ff86167b000 	G:\.dev\jdk-21-zulu\bin\dt_socket.dll
0x00007ff8816a0000 - 0x00007ff8816cd000 	C:\WINDOWS\SYSTEM32\IPHLPAPI.DLL
0x00007ff8820b0000 - 0x00007ff882119000 	C:\WINDOWS\system32\mswsock.dll
0x00007ff868360000 - 0x00007ff868370000 	G:\.dev\jdk-21-zulu\bin\net.dll
0x00007ff87c6d0000 - 0x00007ff87c806000 	C:\WINDOWS\SYSTEM32\WINHTTP.dll
0x00007ff855200000 - 0x00007ff855216000 	G:\.dev\jdk-21-zulu\bin\nio.dll
0x00007ff881710000 - 0x00007ff881812000 	C:\WINDOWS\SYSTEM32\DNSAPI.dll
0x00007ff884b50000 - 0x00007ff884b59000 	C:\WINDOWS\System32\NSI.dll
0x00007ff87b4f0000 - 0x00007ff87b4fa000 	C:\Windows\System32\rasadhlp.dll
0x00007ff87bc30000 - 0x00007ff87bcb3000 	C:\WINDOWS\System32\fwpuclnt.dll
0x00007ff866850000 - 0x00007ff86685a000 	G:\.dev\jdk-21-zulu\bin\management.dll
0x00007ff8656c0000 - 0x00007ff8656cb000 	G:\.dev\jdk-21-zulu\bin\management_ext.dll
0x00007ff884e20000 - 0x00007ff884e28000 	C:\WINDOWS\System32\PSAPI.DLL
0x00007ff8824f0000 - 0x00007ff88250b000 	C:\WINDOWS\SYSTEM32\CRYPTSP.dll
0x00007ff881ba0000 - 0x00007ff881bd5000 	C:\WINDOWS\system32\rsaenh.dll
0x00007ff8821c0000 - 0x00007ff8821e8000 	C:\WINDOWS\SYSTEM32\USERENV.dll
0x00007ff8824d0000 - 0x00007ff8824dc000 	C:\WINDOWS\SYSTEM32\CRYPTBASE.dll
0x00007ff843a80000 - 0x00007ff843a97000 	C:\WINDOWS\system32\napinsp.dll
0x00007ff843a60000 - 0x00007ff843a7b000 	C:\WINDOWS\system32\pnrpnsp.dll
0x00007ff843a40000 - 0x00007ff843a51000 	C:\WINDOWS\System32\winrnr.dll
0x00007ff868ab0000 - 0x00007ff868ac5000 	C:\WINDOWS\system32\wshbth.dll
0x00007ff843a10000 - 0x00007ff843a37000 	C:\WINDOWS\system32\nlansp_c.dll
0x00007ff866990000 - 0x00007ff866999000 	G:\.dev\jdk-21-zulu\bin\extnet.dll
0x00007ff865680000 - 0x00007ff86568e000 	G:\.dev\jdk-21-zulu\bin\sunmscapi.dll
0x00007ff8834d0000 - 0x00007ff883636000 	C:\WINDOWS\System32\CRYPT32.dll
0x00007ff882600000 - 0x00007ff88262d000 	C:\WINDOWS\SYSTEM32\ncrypt.dll
0x00007ff8825c0000 - 0x00007ff8825f7000 	C:\WINDOWS\SYSTEM32\NTASN1.dll
0x00007ff876da0000 - 0x00007ff876da8000 	C:\WINDOWS\system32\wshunix.dll

dbghelp: loaded successfully - version: 4.0.5 - missing functions: none
symbol engine: initialized successfully - sym options: 0x614 - pdb path: .;G:\.dev\jdk-21-zulu\bin;C:\WINDOWS\SYSTEM32;C:\WINDOWS\WinSxS\amd64_microsoft.windows.common-controls_6595b64144ccf1df_6.0.22621.4541_none_2710d1c57384c085;G:\.dev\jdk-21-zulu\bin\server

VM Arguments:
jvm_args: -agentlib:jdwp=transport=dt_socket,address=127.0.0.1:51364,suspend=y,server=n --add-opens=java.base/sun.nio.ch=ALL-UNNAMED -XX:TieredStopAtLevel=1 -Dspring.output.ansi.enabled=always -Dcom.sun.management.jmxremote -Dspring.jmx.enabled=true -Dspring.liveBeansView.mbeanDomain -Dspring.application.admin.enabled=true -Dmanagement.endpoints.jmx.exposure.include=* -javaagent:C:\Users\tiep\AppData\Local\JetBrains\IntelliJIdea2024.1\captureAgent\debugger-agent.jar -Dfile.encoding=UTF-8 -Dsun.stdout.encoding=UTF-8 -Dsun.stderr.encoding=UTF-8 
java_command: org.example.artioclient.ArtioClientApplication
java_class_path (initial): G:\.projects\learn-aeron\artio-client\target\classes;C:\Users\tiep\.m2\repository\org\springframework\boot\spring-boot-starter\3.4.1\spring-boot-starter-3.4.1.jar;C:\Users\tiep\.m2\repository\org\springframework\boot\spring-boot\3.4.1\spring-boot-3.4.1.jar;C:\Users\tiep\.m2\repository\org\springframework\spring-context\6.2.1\spring-context-6.2.1.jar;C:\Users\tiep\.m2\repository\org\springframework\spring-aop\6.2.1\spring-aop-6.2.1.jar;C:\Users\tiep\.m2\repository\org\springframework\spring-beans\6.2.1\spring-beans-6.2.1.jar;C:\Users\tiep\.m2\repository\org\springframework\spring-expression\6.2.1\spring-expression-6.2.1.jar;C:\Users\tiep\.m2\repository\io\micrometer\micrometer-observation\1.14.2\micrometer-observation-1.14.2.jar;C:\Users\tiep\.m2\repository\io\micrometer\micrometer-commons\1.14.2\micrometer-commons-1.14.2.jar;C:\Users\tiep\.m2\repository\org\springframework\boot\spring-boot-autoconfigure\3.4.1\spring-boot-autoconfigure-3.4.1.jar;C:\Users\tiep\.m2\repository\org\springframework\boot\spring-boot-starter-logging\3.4.1\spring-boot-starter-logging-3.4.1.jar;C:\Users\tiep\.m2\repository\ch\qos\logback\logback-classic\1.5.12\logback-classic-1.5.12.jar;C:\Users\tiep\.m2\repository\ch\qos\logback\logback-core\1.5.12\logback-core-1.5.12.jar;C:\Users\tiep\.m2\repository\org\apache\logging\log4j\log4j-to-slf4j\2.24.3\log4j-to-slf4j-2.24.3.jar;C:\Users\tiep\.m2\repository\org\apache\logging\log4j\log4j-api\2.24.3\log4j-api-2.24.3.jar;C:\Users\tiep\.m2\repository\org\slf4j\jul-to-slf4j\2.0.16\jul-to-slf4j-2.0.16.jar;C:\Users\tiep\.m2\repository\jakarta\annotation\jakarta.annotation-api\2.1.1\jakarta.annotation-api-2.1.1.jar;C:\Users\tiep\.m2\repository\org\springframework\spring-core\6.2.1\spring-core-6.2.1.jar;C:\Users\tiep\.m2\repository\org\springframework\spring-jcl\6.2.1\spring-jcl-6.2.1.jar;C:\Users\tiep\.m2\repository\org\yaml\snakeyaml\2.3\snakeyaml-2.3.jar;C:\Users\tiep\.m2\repository\uk\co\real-logic\artio-core\0.160\artio-core-0.160.jar;C:\Users\tiep\.m2\repository\uk\co\real-logic\artio-codecs\0.160\artio-codecs-0.160.jar;C:\Users\tiep\.m2\repository\org\agrona\agrona\1.23.1\agrona-1.23.1.jar;C:\Users\tiep\.m2\repository\uk\co\real-logic\sbe-tool\1.33.1\sbe-tool-1.33.1.jar;C:\Users\tiep\.m2\repository\io\aeron\aeron-client\1.46.7\aeron-client-1.46.7.jar;C:\Users\tiep\.m2\repository\io\aeron\aeron-annotations\1.46.7\aeron-annotations-1.46.7.jar;C:\Users\tiep\.m2\repository\io\aeron\aeron-archive\1.46.7\aeron-archive-1.46.7.jar;C:\Users\tiep\.m2\repository\io\aeron\aeron-driver\1.46.7\aeron-driver-1.46.7.jar;C:\Users\tiep\.m2\repository\org\hdrhistogram\HdrHistogram\2.2.2\HdrHistogram-2.2.2.jar;C:\Users\tiep\.m2\repository\org\projectlombok\lombok\1.18.36\lombok-1.18.36.jar;C:\Users\tiep\.m2\repository\org\slf4j\slf4j-api\2.0.16\slf4j-api-2.0.16.jar;C:\Users\tiep\.m2\repository\io\aeron\aeron-all\1.46.6\aeron-all-1.46.6.jar;C:\Program Files\JetBrains\IntelliJ IDEA 2024.1.1\lib\idea_rt.jar
Launcher Type: SUN_STANDARD

[Global flags]
     intx CICompilerCount                          = 12                                        {product} {ergonomic}
     uint ConcGCThreads                            = 3                                         {product} {ergonomic}
     uint G1ConcRefinementThreads                  = 13                                        {product} {ergonomic}
   size_t G1HeapRegionSize                         = 4194304                                   {product} {ergonomic}
    uintx GCDrainStackTargetSize                   = 64                                        {product} {ergonomic}
   size_t InitialHeapSize                          = 524288000                                 {product} {ergonomic}
     bool ManagementServer                         = true                                      {product} {command line}
   size_t MarkStackSize                            = 4194304                                   {product} {ergonomic}
   size_t MaxHeapSize                              = 8371830784                                {product} {ergonomic}
   size_t MaxNewSize                               = 5020581888                                {product} {ergonomic}
   size_t MinHeapDeltaBytes                        = 4194304                                   {product} {ergonomic}
   size_t MinHeapSize                              = 8388608                                   {product} {ergonomic}
    uintx NonNMethodCodeHeapSize                   = 4096                                   {pd product} {ergonomic}
    uintx NonProfiledCodeHeapSize                  = 0                                      {pd product} {ergonomic}
     bool ProfileInterpreter                       = false                                  {pd product} {command line}
    uintx ProfiledCodeHeapSize                     = 0                                      {pd product} {ergonomic}
   size_t SoftMaxHeapSize                          = 8371830784                             {manageable} {ergonomic}
     intx TieredStopAtLevel                        = 1                                         {product} {command line}
     bool UseCompressedOops                        = true                           {product lp64_product} {ergonomic}
     bool UseG1GC                                  = true                                      {product} {ergonomic}
     bool UseLargePagesIndividualAllocation        = false                                  {pd product} {ergonomic}

Logging:
Log output configuration:
 #0: stdout all=warning uptime,level,tags foldmultilines=false
 #1: stderr all=off uptime,level,tags foldmultilines=false

Environment Variables:
JAVA_HOME=G:\.dev\jdk-21-zulu
PATH=G:\.dev\jdk-zulu-21\bin\;C:\WINDOWS\system32;C:\WINDOWS;C:\WINDOWS\System32\Wbem;C:\WINDOWS\System32\WindowsPowerShell\v1.0\;C:\WINDOWS\System32\OpenSSH\;C:\Program Files\dotnet\;C:\Program Files (x86)\NVIDIA Corporation\PhysX\Common;C:\Program Files\Calibre2\;G:\.dev\Minikube;G:\.dev\git\cmd;C:\Program Files\Docker\Docker\resources\bin;C:\Program Files\Go\bin;C:\Program Files\NVIDIA Corporation\NVIDIA app\NvDLISR;C:\Users\tiep\AppData\Local\Microsoft\WindowsApps;C:\cygwin64\bin;G:\.dev\apache-maven-3.9.8\bin;G:\.dev\jdk-21-zulu\bin;G:\.dev\nvm\;C:\Users\tiep\AppData\Local\Microsoft\WinGet\Packages\Schniz.fnm_Microsoft.Winget.Source_8wekyb3d8bbwe;C:\Program Files\nodejs\;G:\.dev\Minikube\;C:\Users\tiep\go\bin;C:\Users\tiep\AppData\Local\Programs\Microsoft VS Code\bin
USERNAME=tiep
OS=Windows_NT
PROCESSOR_IDENTIFIER=AMD64 Family 25 Model 97 Stepping 2, AuthenticAMD
TMP=C:\Users\tiep\AppData\Local\Temp
TEMP=C:\Users\tiep\AppData\Local\Temp




Periodic native trim disabled

---------------  S Y S T E M  ---------------

OS:
 Windows 11 , 64 bit Build 22621 (10.0.22621.4391)
OS uptime: 8 days 13:40 hours
Hyper-V role detected

CPU: total 16 (initial active 16) (16 cores per cpu, 2 threads per core) family 25 model 97 stepping 2 microcode 0x0, cx8, cmov, fxsr, ht, mmx, 3dnowpref, sse, sse2, sse3, ssse3, sse4a, sse4.1, sse4.2, popcnt, lzcnt, tsc, tscinvbit, avx, avx2, aes, erms, clmul, bmi1, bmi2, adx, avx512f, avx512dq, avx512cd, avx512bw, avx512vl, sha, fma, vzeroupper, avx512_vpopcntdq, avx512_vpclmulqdq, avx512_vaes, avx512_vnni, clflush, clflushopt, avx512_vbmi2, avx512_vbmi, hv, rdtscp, rdpid, fsrm, gfni, avx512_bitalg, f16c, cet_ss, avx512_ifma
Processor Information for all 16 processors :
  Max Mhz: 4201, Current Mhz: 4201, Mhz Limit: 4201

Memory: 4k page, system-wide physical 31934M (5294M free)
TotalPageFile size 55486M (AvailPageFile size 16125M)
current process WorkingSet (physical memory assigned to process): 164M, peak: 1345M
current process commit charge ("private bytes"): 226M, peak: 630M

vm_info: OpenJDK 64-Bit Server VM (21.0.3+9-LTS) for windows-amd64 JRE (21.0.3+9-LTS) (Zulu21.34+19-CA), built on 2024-04-09T07:26:03Z by "zulu_re" with MS VC++ 17.1 (VS2022)

END.
